{
  "RSpec": {
    "coverage": {
      "/Users/dan/Google Drive/Documents/Work/Makers/Projects/week10/bank-tech-test/spec/account_spec.rb": {
        "lines": [
          1,
          null,
          1,
          22,
          7,
          7,
          null,
          1,
          1,
          1,
          null,
          1,
          1,
          null,
          null,
          null,
          1,
          1,
          4,
          null,
          1,
          1,
          1,
          null,
          1,
          4,
          null,
          1,
          1,
          1,
          1,
          null,
          1,
          2,
          null,
          1,
          2,
          null,
          1,
          2,
          null,
          1,
          2,
          null,
          null,
          null,
          1,
          1,
          8,
          null,
          1,
          4,
          null,
          1,
          1,
          1,
          null,
          1,
          4,
          null,
          1,
          1,
          1,
          1,
          null,
          1,
          2,
          null,
          1,
          2,
          null,
          1,
          2,
          null,
          1,
          2,
          null,
          null,
          null,
          1,
          1,
          1,
          2,
          null,
          null,
          1,
          1,
          2,
          null,
          null,
          null,
          null,
          null,
          1,
          5,
          2,
          null,
          1,
          2,
          null,
          1,
          1,
          1,
          2,
          null,
          null,
          null,
          null
        ]
      },
      "/Users/dan/Google Drive/Documents/Work/Makers/Projects/week10/bank-tech-test/lib/account.rb": {
        "lines": [
          1,
          null,
          1,
          1,
          null,
          1,
          21,
          21,
          null,
          null,
          1,
          27,
          null,
          19,
          19,
          19,
          null,
          null,
          1,
          8,
          8,
          null,
          null,
          1,
          3,
          3,
          3,
          null,
          null,
          null,
          1,
          null,
          1,
          null,
          3,
          null,
          null,
          null,
          null,
          null,
          null,
          1,
          3,
          3,
          3,
          null,
          null,
          1,
          27,
          25,
          23,
          21,
          null,
          null,
          1,
          3,
          null,
          null,
          1,
          3,
          3,
          null,
          null
        ]
      },
      "/Users/dan/Google Drive/Documents/Work/Makers/Projects/week10/bank-tech-test/lib/transaction.rb": {
        "lines": [
          1,
          null,
          1,
          1,
          null,
          1,
          20,
          20,
          20,
          null,
          null,
          1,
          2,
          null,
          null,
          1,
          2,
          null,
          null,
          1,
          1,
          null,
          null,
          1,
          null,
          1,
          2,
          null,
          null,
          1,
          2,
          null,
          null,
          1,
          5,
          3,
          null,
          null
        ]
      },
      "/Users/dan/Google Drive/Documents/Work/Makers/Projects/week10/bank-tech-test/spec/transaction_spec.rb": {
        "lines": [
          1,
          null,
          1,
          1,
          1,
          1,
          1,
          1,
          null,
          null,
          null,
          1,
          3,
          1,
          1,
          1,
          null,
          null,
          1,
          1,
          1,
          null,
          null,
          null,
          null,
          1,
          3,
          1,
          1,
          1,
          null,
          null,
          1,
          1,
          1,
          null,
          null,
          null,
          null,
          1,
          2,
          1,
          1,
          null,
          null,
          null,
          1,
          1,
          1,
          1,
          null,
          null,
          1,
          1,
          1,
          null,
          null,
          null
        ]
      }
    },
    "timestamp": 1606828926
  }
}
